==================================================
    DEPLOYING CLIENTE-SERVICE TO AWS ECS
==================================================
[1;33m[INFO][0m Iniciando despliegue de Cliente-Service...
[1;33m[INFO][0m Verificando prerrequisitos...
[0;32m[SUCCESS][0m Prerrequisitos OK
[1;33m[INFO][0m Construyendo imagen Docker para Cliente-Service...
#0 building with "desktop-linux" instance using docker driver

#1 [internal] load build definition from Dockerfile
#1 transferring dockerfile: 1.35kB done
#1 DONE 0.0s

#2 [internal] load metadata for docker.io/library/python:3.11-slim
#2 DONE 1.5s

#3 [internal] load .dockerignore
#3 transferring context: 2B done
#3 DONE 0.0s

#4 [1/8] FROM docker.io/library/python:3.11-slim@sha256:1738c75ae61595d2a9a5301d60a9a2f61abe7017005b3ccb660103d2476c6946
#4 DONE 0.0s

#5 [internal] load build context
#5 transferring context: 3.96kB done
#5 DONE 0.0s

#6 [4/8] COPY requirements.txt .
#6 CACHED

#7 [3/8] WORKDIR /app
#7 CACHED

#8 [2/8] RUN apt-get update && apt-get install -y     gcc     postgresql-client     curl     && rm -rf /var/lib/apt/lists/*
#8 CACHED

#9 [5/8] RUN pip install --no-cache-dir -r requirements.txt
#9 CACHED

#10 [6/8] COPY . .
#10 DONE 0.1s

#11 [7/8] COPY entrypoint.sh /app/entrypoint.sh
#11 DONE 0.0s

#12 [8/8] RUN chmod +x /app/entrypoint.sh
#12 DONE 0.2s

#13 exporting to image
#13 exporting layers 0.0s done
#13 writing image sha256:d4055a501d1a4edebfcdafb4fd0a0bb78cf34e39bc762e9efe97a1cadf277efb done
#13 naming to docker.io/library/medisupply-dev-cliente-service:latest done
#13 DONE 0.0s

View build details: docker-desktop://dashboard/build/desktop-linux/desktop-linux/onc2nkn47ig18b6yc2z3flqgv
[0;32m[SUCCESS][0m Imagen construida exitosamente
[1;33m[INFO][0m Haciendo login en ECR...
Login Succeeded
[0;32m[SUCCESS][0m Login en ECR exitoso
[1;33m[INFO][0m Pusheando imagen a ECR...
The push refers to repository [838693051133.dkr.ecr.us-east-1.amazonaws.com/medisupply-dev-cliente-service]
74e6bc1bcf63: Preparing
c71281172838: Preparing
31b8f25b382b: Preparing
d3d85fa62957: Preparing
af1d69323be4: Preparing
b42b4328d38e: Preparing
a1efbfef730f: Preparing
235e81929876: Preparing
9ba402f61141: Preparing
15eb6aec49b3: Preparing
d7c97cb6f1fe: Preparing
a1efbfef730f: Waiting
235e81929876: Waiting
9ba402f61141: Waiting
15eb6aec49b3: Waiting
b42b4328d38e: Waiting
d7c97cb6f1fe: Waiting
af1d69323be4: Layer already exists
d3d85fa62957: Layer already exists
b42b4328d38e: Layer already exists
a1efbfef730f: Layer already exists
235e81929876: Layer already exists
9ba402f61141: Layer already exists
15eb6aec49b3: Layer already exists
d7c97cb6f1fe: Layer already exists
74e6bc1bcf63: Pushed
c71281172838: Pushed
31b8f25b382b: Pushed
latest: digest: sha256:6a53afd9bd37f42f56099cf8522ba49a4a4f28847c59845d81a30ee7ef7c427f size: 2619
[0;32m[SUCCESS][0m Imagen pusheada exitosamente a 838693051133.dkr.ecr.us-east-1.amazonaws.com/medisupply-dev-cliente-service:latest
[1;33m[INFO][0m Actualizando servicio ECS...
[0;32m[SUCCESS][0m Servicio ECS actualizado, iniciando nuevo despliegue
[1;33m[INFO][0m Monitoreando despliegue...
Esperando que el despliegue se complete...

Waiter ServicesStable failed: Max attempts exceeded
